[ 2016-03-07T09:13:12+08:00 ] 127.0.0.1 /metinfo/app/system/admin/templates/web/index/css/metinfox.css
INFO: [ app_init ] --START--
INFO: Run Behavior\BuildLiteBehavior [ RunTime:0.000000s ]
INFO: [ app_init ] --END-- [ RunTime:0.001000s ]
ERR: 无法加载模块:MetInfo

[ 2016-03-07T09:33:45+08:00 ] 127.0.0.1 /metinfo/app/system/admin/templates/web/index/css/metinfox.css
INFO: [ app_init ] --START--
INFO: Run Behavior\BuildLiteBehavior [ RunTime:0.000000s ]
INFO: [ app_init ] --END-- [ RunTime:0.000000s ]
ERR: 无法加载模块:MetInfo

[ 2016-03-07T11:13:14+08:00 ] 127.0.0.1 /metinfo/app/system/admin/templates/web/index/css/metinfox.css
INFO: [ app_init ] --START--
INFO: Run Behavior\BuildLiteBehavior [ RunTime:0.000000s ]
INFO: [ app_init ] --END-- [ RunTime:0.000000s ]
ERR: 无法加载模块:MetInfo

[ 2016-03-07T11:23:20+08:00 ] 127.0.0.1 /favicon.ico
INFO: [ app_init ] --START--
INFO: Run Behavior\BuildLiteBehavior [ RunTime:0.000000s ]
INFO: [ app_init ] --END-- [ RunTime:0.001000s ]
ERR: 无法加载模块:Favicon

[ 2016-03-07T11:23:28+08:00 ] 127.0.0.1 /metinfo/app/system/admin/templates/web/index/css/metinfox.css
INFO: [ app_init ] --START--
INFO: Run Behavior\BuildLiteBehavior [ RunTime:0.000000s ]
INFO: [ app_init ] --END-- [ RunTime:0.000000s ]
ERR: 无法加载模块:MetInfo

[ 2016-03-07T13:45:03+08:00 ] 127.0.0.1 /metinfo/app/system/admin/templates/web/index/css/metinfox.css
INFO: [ app_init ] --START--
INFO: Run Behavior\BuildLiteBehavior [ RunTime:0.000000s ]
INFO: [ app_init ] --END-- [ RunTime:0.001000s ]
ERR: 无法加载模块:MetInfo

[ 2016-03-07T13:47:10+08:00 ] 127.0.0.1 /metinfo/admin/templates/met/images/js/func.inc.js
INFO: [ app_init ] --START--
INFO: Run Behavior\BuildLiteBehavior [ RunTime:0.000000s ]
INFO: [ app_init ] --END-- [ RunTime:0.000000s ]
ERR: 无法加载模块:MetInfo

[ 2016-03-07T13:47:10+08:00 ] 127.0.0.1 /metinfo/admin/ckeditor/ckeditor.js
INFO: [ app_init ] --START--
INFO: Run Behavior\BuildLiteBehavior [ RunTime:0.000000s ]
INFO: [ app_init ] --END-- [ RunTime:0.001000s ]
ERR: 无法加载模块:MetInfo

[ 2016-03-07T13:47:10+08:00 ] 127.0.0.1 /metinfo/admin/templates/met/images/js/func.inc.js
INFO: [ app_init ] --START--
INFO: Run Behavior\BuildLiteBehavior [ RunTime:0.000000s ]
INFO: [ app_init ] --END-- [ RunTime:0.000000s ]
ERR: 无法加载模块:MetInfo

[ 2016-03-07T13:47:10+08:00 ] 127.0.0.1 /metinfo/admin/ckeditor/ckeditor.js
INFO: [ app_init ] --START--
INFO: Run Behavior\BuildLiteBehavior [ RunTime:0.000000s ]
INFO: [ app_init ] --END-- [ RunTime:0.001000s ]
ERR: 无法加载模块:MetInfo

[ 2016-03-07T13:56:20+08:00 ] 127.0.0.1 /metinfo/app/system/admin/templates/web/index/css/metinfox.css
INFO: [ app_init ] --START--
INFO: Run Behavior\BuildLiteBehavior [ RunTime:0.000000s ]
INFO: [ app_init ] --END-- [ RunTime:0.001000s ]
ERR: 无法加载模块:MetInfo

[ 2016-03-07T13:57:42+08:00 ] 127.0.0.1 /metinfo/admin/ckeditor/ckeditor.js
INFO: [ app_init ] --START--
INFO: Run Behavior\BuildLiteBehavior [ RunTime:0.000000s ]
INFO: [ app_init ] --END-- [ RunTime:0.001000s ]
ERR: 无法加载模块:MetInfo

[ 2016-03-07T13:57:42+08:00 ] 127.0.0.1 /metinfo/admin/ckeditor/ckeditor.js
INFO: [ app_init ] --START--
INFO: Run Behavior\BuildLiteBehavior [ RunTime:0.000000s ]
INFO: [ app_init ] --END-- [ RunTime:0.000000s ]
ERR: 无法加载模块:MetInfo

[ 2016-03-07T14:49:18+08:00 ] 127.0.0.1 /metinfo/admin/ckeditor/ckeditor.js
INFO: [ app_init ] --START--
INFO: Run Behavior\BuildLiteBehavior [ RunTime:0.000000s ]
INFO: [ app_init ] --END-- [ RunTime:0.001000s ]
ERR: 无法加载模块:MetInfo

[ 2016-03-07T14:49:18+08:00 ] 127.0.0.1 /metinfo/admin/ckeditor/ckeditor.js
INFO: [ app_init ] --START--
INFO: Run Behavior\BuildLiteBehavior [ RunTime:0.000000s ]
INFO: [ app_init ] --END-- [ RunTime:0.000000s ]
ERR: 无法加载模块:MetInfo

[ 2016-03-07T14:49:26+08:00 ] 127.0.0.1 /metinfo/admin/ckeditor/ckeditor.js
INFO: [ app_init ] --START--
INFO: Run Behavior\BuildLiteBehavior [ RunTime:0.000000s ]
INFO: [ app_init ] --END-- [ RunTime:0.000000s ]
ERR: 无法加载模块:MetInfo

[ 2016-03-07T14:49:26+08:00 ] 127.0.0.1 /metinfo/admin/ckeditor/ckeditor.js
INFO: [ app_init ] --START--
INFO: Run Behavior\BuildLiteBehavior [ RunTime:0.000000s ]
INFO: [ app_init ] --END-- [ RunTime:0.001000s ]
ERR: 无法加载模块:MetInfo

[ 2016-03-07T14:51:39+08:00 ] 127.0.0.1 /metinfo/admin/ckeditor/ckeditor.js
INFO: [ app_init ] --START--
INFO: Run Behavior\BuildLiteBehavior [ RunTime:0.000000s ]
INFO: [ app_init ] --END-- [ RunTime:0.001000s ]
ERR: 无法加载模块:MetInfo

[ 2016-03-07T14:51:40+08:00 ] 127.0.0.1 /metinfo/admin/ckeditor/ckeditor.js
INFO: [ app_init ] --START--
INFO: Run Behavior\BuildLiteBehavior [ RunTime:0.000000s ]
INFO: [ app_init ] --END-- [ RunTime:0.000000s ]
ERR: 无法加载模块:MetInfo

[ 2016-03-07T15:54:33+08:00 ] 127.0.0.1 /metinfo/app/system/admin/templates/web/index/css/metinfox.css
INFO: [ app_init ] --START--
INFO: Run Behavior\BuildLiteBehavior [ RunTime:0.000000s ]
INFO: [ app_init ] --END-- [ RunTime:0.000000s ]
ERR: 无法加载模块:MetInfo

